#
# A fatal error has been detected by the Java Runtime Environment:
#
#  SIGSEGV (0xb) at pc=0x00007fff6c1bae52, pid=54976, tid=5891
#
# JRE version:  (11.0.9.1+1) (build )
# Java VM: OpenJDK 64-Bit Server VM (11.0.9.1+1-LTS, mixed mode, sharing, tiered, compressed oops, g1 gc, bsd-amd64)
# Problematic frame:
# C  [libsystem_platform.dylib+0xe52]  _platform_strlen+0x12
#
# No core dump will be written. Core dumps have been disabled. To enable core dumping, try "ulimit -c unlimited" before starting Java again
#
#

---------------  S U M M A R Y ------------

Command Line: getsp -test

Host: MacBookAir7,2 x86_64 1800 MHz, 4 cores, 8G, Darwin 19.6.0
Time: Wed Nov 17 14:44:52 2021 MST elapsed time: 0.036092 seconds (0d 0h 0m 0s)

---------------  T H R E A D  ---------------

Current thread (0x00007ff264008800):  JavaThread "Unknown thread" [_thread_in_vm, id=5891, stack(0x000070000ebc8000,0x000070000ecc8000)]

Stack: [0x000070000ebc8000,0x000070000ecc8000],  sp=0x000070000ecc7b70,  free space=1022k
Native frames: (J=compiled Java code, A=aot compiled Java code, j=interpreted, Vv=VM code, C=native code)
C  [libsystem_platform.dylib+0xe52]  _platform_strlen+0x12
V  [libjvm.dylib+0x1fe919]  ClassLoader::setup_boot_search_path(char const*)+0x1d
V  [libjvm.dylib+0x20130f]  ClassLoader::initialize()+0x5d3
V  [libjvm.dylib+0x39b1f9]  init_globals()+0x2d
V  [libjvm.dylib+0x77d1e7]  Threads::create_vm(JavaVMInitArgs*, bool*)+0x285
V  [libjvm.dylib+0x40bc9c]  JNI_CreateJavaVM+0x60
C  [libjli.dylib+0x3ead]  JavaMain+0x10b
C  [libsystem_pthread.dylib+0x6109]  _pthread_start+0x94
C  [libsystem_pthread.dylib+0x1b8b]  thread_start+0xf


siginfo: si_signo: 11 (SIGSEGV), si_code: 1 (SEGV_MAPERR), si_addr: 0x0000000000000000

Registers:
RAX=0x00000001103c5312, RBX=0x00000001103c84b0, RCX=0x0000000000000000, RDX=0x0000000000000000
RSP=0x000070000ecc7b70, RBP=0x000070000ecc7b70, RSI=0x0000000000000000, RDI=0x0000000000000000
R8 =0x0000000000000000, R9 =0x0000000000000000, R10=0x0000000000000000, R11=0x0000000000000000
R12=0x00007ff264008800, R13=0x000070000ecc7f80, R14=0x000000010ffd950c, R15=0x000070000ecc7ef7
RIP=0x00007fff6c1bae52, EFLAGS=0x0000000000010246, ERR=0x0000000000000004
  TRAPNO=0x000000000000000e

Top of Stack: (sp=0x000070000ecc7b70)
0x000070000ecc7b70:   000070000ecc7c90 000000010fbfe919
0x000070000ecc7b80:   00007ff263504930 0000000000000040
0x000070000ecc7b90:   00007ff263417a80 0000000000000040
0x000070000ecc7ba0:   000070000ecc7bd0 0000000110058186
0x000070000ecc7bb0:   0000000000000038 0000000000000040
0x000070000ecc7bc0:   00007ff263507b20 0000000000000002
0x000070000ecc7bd0:   000070000ecc7c30 0000000110056708
0x000070000ecc7be0:   000070000ecc7c10 000000010fffcf2f
0x000070000ecc7bf0:   00007ff263504930 00007ff263507b20
0x000070000ecc7c00:   00007ff263504e20 00007ff263417b00
0x000070000ecc7c10:   000070000ecc7c50 0000000110056d8a
0x000070000ecc7c20:   00007ff263507b20 00007ff263507b20
0x000070000ecc7c30:   0000000000000004 0000000110204d2c
0x000070000ecc7c40:   000000000000000b 0000000000000000
0x000070000ecc7c50:   6ed4472723830070 0000000000000000
0x000070000ecc7c60:   000000010ffd950c 00000001103c84b0
0x000070000ecc7c70:   00007ff264008800 000070000ecc7f80
0x000070000ecc7c80:   000000010ffd950c 000070000ecc7ef7
0x000070000ecc7c90:   000070000ecc7cc0 000000010fc0130f
0x000070000ecc7ca0:   00007ff264008800 00007ff264008800
0x000070000ecc7cb0:   00000001103c84b0 000000010ffd950c
0x000070000ecc7cc0:   000070000ecc7d10 000000010fd9b1f9
0x000070000ecc7cd0:   00007ff264008800 00007ff263504de0
0x000070000ecc7ce0:   00007ff263504e30 00007ff263504e40
0x000070000ecc7cf0:   00007ff263504f18 00000000000000d8
0x000070000ecc7d00:   00007ff263505010 00000001103c84b0
0x000070000ecc7d10:   000070000ecc7ea0 000000011017d1e7
0x000070000ecc7d20:   0000000000000000 0000000000000000
0x000070000ecc7d30:   0000000000000000 0000000000000000
0x000070000ecc7d40:   0000000000000000 0000000000000000
0x000070000ecc7d50:   0000000000000000 0000000000000000
0x000070000ecc7d60:   0000000000000100 0000000000000000 

Instructions: (pc=0x00007fff6c1bae52)
0x00007fff6c1bad52:   74 09 48 83 c1 01 48 39 d1 72 e3 5d c3 90 55 48
0x00007fff6c1bad62:   89 e5 48 81 e6 ff 00 00 00 48 0f af 35 55 64 00
0x00007fff6c1bad72:   00 66 48 0f 6e c6 48 89 f8 48 83 fa 40 0f 82 92
0x00007fff6c1bad82:   00 00 00 48 81 fa 00 80 00 00 0f 82 3e 00 00 00
0x00007fff6c1bad92:   e9 28 00 00 00 66 0f 1f 84 00 00 00 00 00 55 48
0x00007fff6c1bada2:   89 e5 48 89 f2 48 31 f6 0f 57 c0 48 89 f8 48 83
0x00007fff6c1badb2:   fa 40 72 61 48 81 fa 00 80 00 00 72 11 48 89 d1
0x00007fff6c1badc2:   48 89 f0 48 89 fa fc f3 aa 48 89 d0 5d c3 c4 e2
0x00007fff6c1badd2:   7d 18 c0 c5 fc 11 07 48 83 c7 20 48 83 e7 e0 48
0x00007fff6c1bade2:   89 f9 48 29 c1 48 29 ca 48 83 ea 40 76 13 c5 fc
0x00007fff6c1badf2:   29 07 c5 fc 29 47 20 48 83 c7 40 48 83 ea 40 77
0x00007fff6c1bae02:   ed c5 fc 11 04 17 c5 fc 11 44 17 20 c5 f8 77 5d
0x00007fff6c1bae12:   c3 48 89 34 17 48 83 ea 08 73 f6 48 83 c2 08 74
0x00007fff6c1bae22:   0b 40 88 74 17 ff 48 83 ea 01 75 f5 5d c3 90 90
0x00007fff6c1bae32:   90 90 90 90 90 90 90 90 90 90 90 90 90 90 55 48
0x00007fff6c1bae42:   89 e5 48 89 f9 48 89 fa 48 83 e7 f0 66 0f ef c0
0x00007fff6c1bae52:   66 0f 74 07 66 0f d7 f0 48 83 e1 0f 48 83 c8 ff
0x00007fff6c1bae62:   48 d3 e0 21 c6 74 17 0f bc c6 48 29 d7 48 01 f8
0x00007fff6c1bae72:   5d c3 66 2e 0f 1f 84 00 00 00 00 00 66 90 48 83
0x00007fff6c1bae82:   c7 10 66 0f ef c0 66 0f 74 07 66 0f d7 f0 85 f6
0x00007fff6c1bae92:   74 ec eb d3 65 48 8b 0c 25 18 00 00 00 41 89 c8
0x00007fff6c1baea2:   31 c0 f0 4c 0f b1 07 75 05 e9 05 00 00 00 e9 72
0x00007fff6c1baeb2:   20 00 00 55 48 89 e5 41 56 53 41 89 ce 48 89 fb
0x00007fff6c1baec2:   48 89 f7 ff d2 48 c7 c6 ff ff ff ff 48 87 33 44
0x00007fff6c1baed2:   39 f6 75 05 5b 41 5e 5d c3 48 89 df 44 89 f2 5b
0x00007fff6c1baee2:   41 5e 5d e9 1a 21 00 00 65 8b 34 25 18 00 00 00
0x00007fff6c1baef2:   31 c0 f0 0f b1 37 75 01 c3 31 d2 e9 21 0a 00 00
0x00007fff6c1baf02:   55 48 89 e5 8b 3f 89 f8 83 c8 01 65 3b 04 25 18
0x00007fff6c1baf12:   00 00 00 75 02 5d c3 e8 b6 57 00 00 90 90 ba ff
0x00007fff6c1baf22:   ff ff ff 0f bc c7 0f 44 c2 ff c0 c3 66 90 ba ff
0x00007fff6c1baf32:   ff ff ff 48 0f bc c7 0f 44 c2 ff c0 c3 90 ba ff
0x00007fff6c1baf42:   ff ff ff 0f bd c7 0f 44 c2 ff c0 c3 66 90 ba ff 



---------------  P R O C E S S  ---------------

Threads class SMR info:
_java_thread_list=0x00007ff2636056c0, length=0, elements={
}

Java Threads: ( => current thread )

Other Threads:

[error occurred during error reporting (printing all threads), id 0xb, SIGSEGV (0xb) at pc=0x000000011017e4e6]

VM state:not at safepoint (not fully initialized)

VM Mutex/Monitor currently owned by a thread: None


[error occurred during error reporting (printing compressed oops mode), id 0xb, SIGSEGV (0xb) at pc=0x0000000110197064]

Deoptimization events (0 events):
No events

Classes redefined (0 events):
No events

Internal exceptions (0 events):
No events

Events (2 events):
Event: 0.030 Protecting memory [0x000070000ebc8000,0x000070000ebcc000] with protection modes 0
Event: 0.034 Loaded shared library /Users/cthulhu/miniconda3/envs/qiime2-dev/lib/libzip.dylib


Dynamic libraries:
0x00007fff3117a000 	/System/Library/Frameworks/Cocoa.framework/Versions/A/Cocoa
0x00007fff3e990000 	/System/Library/Frameworks/Security.framework/Versions/A/Security
0x00007fff300e0000 	/System/Library/Frameworks/ApplicationServices.framework/Versions/A/ApplicationServices
0x00007fff6b4e5000 	/usr/lib/libz.1.dylib
0x000000010f0c4000 	/Users/cthulhu/miniconda3/envs/qiime2-dev/lib/jli/libjli.dylib
0x00007fff68fa9000 	/usr/lib/libSystem.B.dylib
0x00007fff2f2d0000 	/System/Library/Frameworks/AppKit.framework/Versions/C/AppKit
0x00007fff31afe000 	/System/Library/Frameworks/CoreData.framework/Versions/A/CoreData
0x00007fff346da000 	/System/Library/Frameworks/Foundation.framework/Versions/C/Foundation
0x00007fff62f98000 	/System/Library/PrivateFrameworks/UIFoundation.framework/Versions/A/UIFoundation
0x00007fff5e02c000 	/System/Library/PrivateFrameworks/RemoteViewServices.framework/Versions/A/RemoteViewServices
0x00007fff65b19000 	/System/Library/PrivateFrameworks/XCTTargetBootstrap.framework/Versions/A/XCTTargetBootstrap
0x00007fff31ee9000 	/System/Library/Frameworks/CoreDisplay.framework/Versions/A/CoreDisplay
0x00007fff37595000 	/System/Library/Frameworks/Metal.framework/Versions/A/Metal
0x00007fff4c029000 	/System/Library/PrivateFrameworks/DesktopServicesPriv.framework/Versions/A/DesktopServicesPriv
0x00007fff6a0e4000 	/usr/lib/liblangid.dylib
0x00007fff4b2be000 	/System/Library/PrivateFrameworks/CoreSVG.framework/Versions/A/CoreSVG
0x00007fff61188000 	/System/Library/PrivateFrameworks/SkyLight.framework/Versions/A/SkyLight
0x00007fff3249e000 	/System/Library/Frameworks/CoreGraphics.framework/Versions/A/CoreGraphics
0x00007fff2dca4000 	/System/Library/Frameworks/Accelerate.framework/Versions/A/Accelerate
0x00007fff6b3d6000 	/usr/lib/libxml2.2.dylib
0x00007fff56fb5000 	/System/Library/PrivateFrameworks/IconServices.framework/Versions/A/IconServices
0x00007fff34eb9000 	/System/Library/Frameworks/IOSurface.framework/Versions/A/IOSurface
0x00007fff68ad3000 	/usr/lib/libDiagnosticMessagesClient.dylib
0x00007fff4be83000 	/System/Library/PrivateFrameworks/DFRFoundation.framework/Versions/A/DFRFoundation
0x00007fff69e73000 	/usr/lib/libicucore.A.dylib
0x00007fff30412000 	/System/Library/Frameworks/AudioToolbox.framework/Versions/A/AudioToolbox
0x00007fff304f5000 	/System/Library/Frameworks/AudioUnit.framework/Versions/A/AudioUnit
0x00007fff691ab000 	/usr/lib/libauto.dylib
0x00007fff4bf25000 	/System/Library/PrivateFrameworks/DataDetectorsCore.framework/Versions/A/DataDetectorsCore
0x00007fff30c9b000 	/System/Library/Frameworks/Carbon.framework/Versions/A/Frameworks/HIToolbox.framework/Versions/A/HIToolbox
0x00007fff3db8a000 	/System/Library/Frameworks/QuartzCore.framework/Versions/A/QuartzCore
0x00007fff30fda000 	/System/Library/Frameworks/Carbon.framework/Versions/A/Frameworks/SpeechRecognition.framework/Versions/A/SpeechRecognition
0x00007fff4b997000 	/System/Library/PrivateFrameworks/CoreUI.framework/Versions/A/CoreUI
0x00007fff31569000 	/System/Library/Frameworks/CoreAudio.framework/Versions/A/CoreAudio
0x00007fff34399000 	/System/Library/Frameworks/DiskArbitration.framework/Versions/A/DiskArbitration
0x00007fff59005000 	/System/Library/PrivateFrameworks/MultitouchSupport.framework/Versions/A/MultitouchSupport
0x00007fff69d3a000 	/usr/lib/libenergytrace.dylib
0x00007fff34e13000 	/System/Library/Frameworks/IOKit.framework/Versions/A/IOKit
0x00007fff33405000 	/System/Library/Frameworks/CoreServices.framework/Versions/A/CoreServices
0x00007fff5b1bf000 	/System/Library/PrivateFrameworks/PerformanceAnalysis.framework/Versions/A/PerformanceAnalysis
0x00007fff3cbbd000 	/System/Library/Frameworks/OpenGL.framework/Versions/A/OpenGL
0x00007fff6ae09000 	/usr/lib/libobjc.A.dylib
0x00007fff31188000 	/System/Library/Frameworks/ColorSync.framework/Versions/A/ColorSync
0x00007fff3201c000 	/System/Library/Frameworks/CoreFoundation.framework/Versions/A/CoreFoundation
0x00007fff32b21000 	/System/Library/Frameworks/CoreImage.framework/Versions/A/CoreImage
0x00007fff33e78000 	/System/Library/Frameworks/CoreText.framework/Versions/A/CoreText
0x00007fff34f49000 	/System/Library/Frameworks/ImageIO.framework/Versions/A/ImageIO
0x00007fff6928f000 	/usr/lib/libc++.1.dylib
0x00007fff6930b000 	/usr/lib/libcompression.dylib
0x00007fff68e17000 	/usr/lib/libMobileGestalt.dylib
0x00007fff62d02000 	/System/Library/PrivateFrameworks/TextureIO.framework/Versions/A/TextureIO
0x00007fff6910e000 	/usr/lib/libate.dylib
0x00007fff571be000 	/System/Library/PrivateFrameworks/InternationalSupport.framework/Versions/A/InternationalSupport
0x00007fff6bda6000 	/usr/lib/system/libcache.dylib
0x00007fff6bdac000 	/usr/lib/system/libcommonCrypto.dylib
0x00007fff6bdb8000 	/usr/lib/system/libcompiler_rt.dylib
0x00007fff6bdc0000 	/usr/lib/system/libcopyfile.dylib
0x00007fff6bdca000 	/usr/lib/system/libcorecrypto.dylib
0x00007fff6bf69000 	/usr/lib/system/libdispatch.dylib
0x00007fff6bfaa000 	/usr/lib/system/libdyld.dylib
0x00007fff6bfe1000 	/usr/lib/system/libkeymgr.dylib
0x00007fff6bfef000 	/usr/lib/system/liblaunch.dylib
0x00007fff6bff0000 	/usr/lib/system/libmacho.dylib
0x00007fff6bff6000 	/usr/lib/system/libquarantine.dylib
0x00007fff6bff9000 	/usr/lib/system/libremovefile.dylib
0x00007fff6bffb000 	/usr/lib/system/libsystem_asl.dylib
0x00007fff6c013000 	/usr/lib/system/libsystem_blocks.dylib
0x00007fff6c014000 	/usr/lib/system/libsystem_c.dylib
0x00007fff6c09c000 	/usr/lib/system/libsystem_configuration.dylib
0x00007fff6c0a0000 	/usr/lib/system/libsystem_coreservices.dylib
0x00007fff6c0a4000 	/usr/lib/system/libsystem_darwin.dylib
0x00007fff6c0ad000 	/usr/lib/system/libsystem_dnssd.dylib
0x00007fff6c0b5000 	/usr/lib/system/libsystem_featureflags.dylib
0x00007fff6c0b7000 	/usr/lib/system/libsystem_info.dylib
0x00007fff6c132000 	/usr/lib/system/libsystem_m.dylib
0x00007fff6c17a000 	/usr/lib/system/libsystem_malloc.dylib
0x00007fff6c1a2000 	/usr/lib/system/libsystem_networkextension.dylib
0x00007fff6c1b0000 	/usr/lib/system/libsystem_notify.dylib
0x00007fff6c1ce000 	/usr/lib/system/libsystem_sandbox.dylib
0x00007fff6c1d3000 	/usr/lib/system/libsystem_secinit.dylib
0x00007fff6c105000 	/usr/lib/system/libsystem_kernel.dylib
0x00007fff6c1ba000 	/usr/lib/system/libsystem_platform.dylib
0x00007fff6c1c3000 	/usr/lib/system/libsystem_pthread.dylib
0x00007fff6c1d6000 	/usr/lib/system/libsystem_symptoms.dylib
0x00007fff6c1de000 	/usr/lib/system/libsystem_trace.dylib
0x00007fff6c1f6000 	/usr/lib/system/libunwind.dylib
0x00007fff6c1fc000 	/usr/lib/system/libxpc.dylib
0x00007fff692e2000 	/usr/lib/libc++abi.dylib
0x00007fff6a0e6000 	/usr/lib/liblzma.5.dylib
0x00007fff69d61000 	/usr/lib/libfakelink.dylib
0x00007fff6909b000 	/usr/lib/libarchive.2.dylib
0x00007fff3fa43000 	/System/Library/Frameworks/SystemConfiguration.framework/Versions/A/SystemConfiguration
0x00007fff68a06000 	/usr/lib/libCRFSuite.dylib
0x00007fff3088c000 	/System/Library/Frameworks/CFNetwork.framework/Versions/A/CFNetwork
0x00007fff69271000 	/usr/lib/libbsm.0.dylib
0x00007fff6bfe2000 	/usr/lib/system/libkxld.dylib
0x00007fff457fd000 	/System/Library/PrivateFrameworks/AppleFSCompression.framework/Versions/A/AppleFSCompression
0x00007fff695fc000 	/usr/lib/libcoretls.dylib
0x00007fff69613000 	/usr/lib/libcoretls_cfhelpers.dylib
0x00007fff6ae4f000 	/usr/lib/libpam.2.dylib
0x00007fff6af84000 	/usr/lib/libsqlite3.dylib
0x00007fff6b3c3000 	/usr/lib/libxar.1.dylib
0x00007fff69282000 	/usr/lib/libbz2.1.0.dylib
0x00007fff69d82000 	/usr/lib/libiconv.2.dylib
0x00007fff692f8000 	/usr/lib/libcharset.1.dylib
0x00007fff6a8ec000 	/usr/lib/libnetwork.dylib
0x00007fff6ae56000 	/usr/lib/libpcap.A.dylib
0x00007fff69050000 	/usr/lib/libapple_nghttp2.dylib
0x00007fff337bc000 	/System/Library/Frameworks/CoreServices.framework/Versions/A/Frameworks/FSEvents.framework/Versions/A/FSEvents
0x00007fff3348c000 	/System/Library/Frameworks/CoreServices.framework/Versions/A/Frameworks/CarbonCore.framework/Versions/A/CarbonCore
0x00007fff33a00000 	/System/Library/Frameworks/CoreServices.framework/Versions/A/Frameworks/Metadata.framework/Versions/A/Metadata
0x00007fff33a99000 	/System/Library/Frameworks/CoreServices.framework/Versions/A/Frameworks/OSServices.framework/Versions/A/OSServices
0x00007fff33ac7000 	/System/Library/Frameworks/CoreServices.framework/Versions/A/Frameworks/SearchKit.framework/Versions/A/SearchKit
0x00007fff33406000 	/System/Library/Frameworks/CoreServices.framework/Versions/A/Frameworks/AE.framework/Versions/A/AE
0x00007fff337c5000 	/System/Library/Frameworks/CoreServices.framework/Versions/A/Frameworks/LaunchServices.framework/Versions/A/LaunchServices
0x00007fff3376e000 	/System/Library/Frameworks/CoreServices.framework/Versions/A/Frameworks/DictionaryServices.framework/Versions/A/DictionaryServices
0x00007fff33b2f000 	/System/Library/Frameworks/CoreServices.framework/Versions/A/Frameworks/SharedFileList.framework/Versions/A/SharedFileList
0x00007fff389dc000 	/System/Library/Frameworks/NetFS.framework/Versions/A/NetFS
0x00007fff59535000 	/System/Library/PrivateFrameworks/NetAuth.framework/Versions/A/NetAuth
0x00007fff65ee6000 	/System/Library/PrivateFrameworks/login.framework/Versions/A/Frameworks/loginsupport.framework/Versions/A/loginsupport
0x00007fff627cd000 	/System/Library/PrivateFrameworks/TCC.framework/Versions/A/TCC
0x00007fff4a431000 	/System/Library/PrivateFrameworks/CoreNLP.framework/Versions/A/CoreNLP
0x00007fff58a32000 	/System/Library/PrivateFrameworks/MetadataUtilities.framework/Versions/A/MetadataUtilities
0x00007fff6a1be000 	/usr/lib/libmecabra.dylib
0x00007fff6a116000 	/usr/lib/libmecab.dylib
0x00007fff69d72000 	/usr/lib/libgermantok.dylib
0x00007fff69037000 	/usr/lib/libThaiTokenizer.dylib
0x00007fff68a3d000 	/usr/lib/libChineseTokenizer.dylib
0x00007fff2dcbc000 	/System/Library/Frameworks/Accelerate.framework/Versions/A/Frameworks/vImage.framework/Versions/A/vImage
0x00007fff2f126000 	/System/Library/Frameworks/Accelerate.framework/Versions/A/Frameworks/vecLib.framework/Versions/A/vecLib
0x00007fff2f063000 	/System/Library/Frameworks/Accelerate.framework/Versions/A/Frameworks/vecLib.framework/Versions/A/libvMisc.dylib
0x00007fff2ee8b000 	/System/Library/Frameworks/Accelerate.framework/Versions/A/Frameworks/vecLib.framework/Versions/A/libvDSP.dylib
0x00007fff2e313000 	/System/Library/Frameworks/Accelerate.framework/Versions/A/Frameworks/vecLib.framework/Versions/A/libBLAS.dylib
0x00007fff2ea4f000 	/System/Library/Frameworks/Accelerate.framework/Versions/A/Frameworks/vecLib.framework/Versions/A/libLAPACK.dylib
0x00007fff2edeb000 	/System/Library/Frameworks/Accelerate.framework/Versions/A/Frameworks/vecLib.framework/Versions/A/libLinearAlgebra.dylib
0x00007fff2ee78000 	/System/Library/Frameworks/Accelerate.framework/Versions/A/Frameworks/vecLib.framework/Versions/A/libSparseBLAS.dylib
0x00007fff2ee01000 	/System/Library/Frameworks/Accelerate.framework/Versions/A/Frameworks/vecLib.framework/Versions/A/libQuadrature.dylib
0x00007fff2e57b000 	/System/Library/Frameworks/Accelerate.framework/Versions/A/Frameworks/vecLib.framework/Versions/A/libBNNS.dylib
0x00007fff2ee07000 	/System/Library/Frameworks/Accelerate.framework/Versions/A/Frameworks/vecLib.framework/Versions/A/libSparse.dylib
0x00007fff575a6000 	/System/Library/PrivateFrameworks/LanguageModeling.framework/Versions/A/LanguageModeling
0x00007fff49de0000 	/System/Library/PrivateFrameworks/CoreEmoji.framework/Versions/A/CoreEmoji
0x00007fff576c4000 	/System/Library/PrivateFrameworks/LinguisticData.framework/Versions/A/LinguisticData
0x00007fff57675000 	/System/Library/PrivateFrameworks/Lexicon.framework/Versions/A/Lexicon
0x00007fff692f9000 	/usr/lib/libcmph.dylib
0x00007fff3b5cb000 	/System/Library/Frameworks/OpenDirectory.framework/Versions/A/Frameworks/CFOpenDirectory.framework/Versions/A/CFOpenDirectory
0x00007fff3b5e8000 	/System/Library/Frameworks/OpenDirectory.framework/Versions/A/OpenDirectory
0x00007fff43a2d000 	/System/Library/PrivateFrameworks/APFS.framework/Versions/A/APFS
0x00007fff3ecdc000 	/System/Library/Frameworks/SecurityFoundation.framework/Versions/A/SecurityFoundation
0x00007fff6b3bf000 	/usr/lib/libutil.dylib
0x00007fff4b316000 	/System/Library/PrivateFrameworks/CoreServicesStore.framework/Versions/A/CoreServicesStore
0x00007fff3ed93000 	/System/Library/Frameworks/ServiceManagement.framework/Versions/A/ServiceManagement
0x00007fff46fce000 	/System/Library/PrivateFrameworks/BackgroundTaskManagement.framework/Versions/A/BackgroundTaskManagement
0x00007fff6b4bc000 	/usr/lib/libxslt.1.dylib
0x00007fff45e70000 	/System/Library/PrivateFrameworks/AppleSystemInfo.framework/Versions/A/AppleSystemInfo
0x00007fff35166000 	/System/Library/Frameworks/ImageIO.framework/Versions/A/Resources/libJPEG.dylib
0x00007fff35423000 	/System/Library/Frameworks/ImageIO.framework/Versions/A/Resources/libTIFF.dylib
0x00007fff35406000 	/System/Library/Frameworks/ImageIO.framework/Versions/A/Resources/libPng.dylib
0x00007fff350a8000 	/System/Library/Frameworks/ImageIO.framework/Versions/A/Resources/libGIF.dylib
0x00007fff350ac000 	/System/Library/Frameworks/ImageIO.framework/Versions/A/Resources/libJP2.dylib
0x00007fff35421000 	/System/Library/Frameworks/ImageIO.framework/Versions/A/Resources/libRadiance.dylib
0x00007fff69d3b000 	/usr/lib/libexpat.1.dylib
0x00007fff45958000 	/System/Library/PrivateFrameworks/AppleJPEG.framework/Versions/A/AppleJPEG
0x00007fff4e616000 	/System/Library/PrivateFrameworks/FontServices.framework/libFontParser.dylib
0x00007fff64ee8000 	/System/Library/PrivateFrameworks/WatchdogClient.framework/Versions/A/WatchdogClient
0x00007fff56c01000 	/System/Library/PrivateFrameworks/IOAccelerator.framework/Versions/A/IOAccelerator
0x00007fff37930000 	/System/Library/Frameworks/MetalPerformanceShaders.framework/Versions/A/MetalPerformanceShaders
0x00007fff53391000 	/System/Library/PrivateFrameworks/GPUWrangler.framework/Versions/A/GPUWrangler
0x00007fff56c16000 	/System/Library/PrivateFrameworks/IOPresentment.framework/Versions/A/IOPresentment
0x00007fff4be96000 	/System/Library/PrivateFrameworks/DSExternalDisplay.framework/Versions/A/DSExternalDisplay
0x00007fff3bf5c000 	/System/Library/Frameworks/OpenGL.framework/Versions/A/Libraries/libCoreFSCache.dylib
0x00007fff3767c000 	/System/Library/Frameworks/MetalPerformanceShaders.framework/Frameworks/MPSCore.framework/Versions/A/MPSCore
0x00007fff376ba000 	/System/Library/Frameworks/MetalPerformanceShaders.framework/Frameworks/MPSImage.framework/Versions/A/MPSImage
0x00007fff37781000 	/System/Library/Frameworks/MetalPerformanceShaders.framework/Frameworks/MPSNeuralNetwork.framework/Versions/A/MPSNeuralNetwork
0x00007fff37745000 	/System/Library/Frameworks/MetalPerformanceShaders.framework/Frameworks/MPSMatrix.framework/Versions/A/MPSMatrix
0x00007fff378e0000 	/System/Library/Frameworks/MetalPerformanceShaders.framework/Frameworks/MPSRayIntersector.framework/Versions/A/MPSRayIntersector
0x00007fff3776b000 	/System/Library/Frameworks/MetalPerformanceShaders.framework/Frameworks/MPSNDArray.framework/Versions/A/MPSNDArray
0x00007fff58a7f000 	/System/Library/PrivateFrameworks/MetalTools.framework/Versions/A/MetalTools
0x00007fff44c07000 	/System/Library/PrivateFrameworks/AggregateDictionary.framework/Versions/A/AggregateDictionary
0x00007fff49828000 	/System/Library/PrivateFrameworks/CoreAnalytics.framework/Versions/A/CoreAnalytics
0x00007fff45d8f000 	/System/Library/PrivateFrameworks/AppleSauce.framework/Versions/A/AppleSauce
0x00007fff68cf9000 	/usr/lib/libIOReport.dylib
0x00007fff34030000 	/System/Library/Frameworks/CoreVideo.framework/Versions/A/CoreVideo
0x00007fff5480a000 	/System/Library/PrivateFrameworks/GraphVisualizer.framework/Versions/A/GraphVisualizer
0x00007fff4db5c000 	/System/Library/PrivateFrameworks/FaceCore.framework/Versions/A/FaceCore
0x00007fff3b572000 	/System/Library/Frameworks/OpenCL.framework/Versions/A/OpenCL
0x00007fff68b1b000 	/usr/lib/libFosl_dynamic.dylib
0x00007fff59f56000 	/System/Library/PrivateFrameworks/OTSVG.framework/Versions/A/OTSVG
0x00007fff301e5000 	/System/Library/Frameworks/ApplicationServices.framework/Versions/A/Frameworks/ATS.framework/Versions/A/Resources/libFontRegistry.dylib
0x00007fff4e7e5000 	/System/Library/PrivateFrameworks/FontServices.framework/libhvf.dylib
0x00007fff3bf67000 	/System/Library/Frameworks/OpenGL.framework/Versions/A/Libraries/libGFXShared.dylib
0x00007fff3c145000 	/System/Library/Frameworks/OpenGL.framework/Versions/A/Libraries/libGLU.dylib
0x00007fff3bf70000 	/System/Library/Frameworks/OpenGL.framework/Versions/A/Libraries/libGL.dylib
0x00007fff3bf7b000 	/System/Library/Frameworks/OpenGL.framework/Versions/A/Libraries/libGLImage.dylib
0x00007fff3bf59000 	/System/Library/Frameworks/OpenGL.framework/Versions/A/Libraries/libCVMSPluginSupport.dylib
0x00007fff3bf62000 	/System/Library/Frameworks/OpenGL.framework/Versions/A/Libraries/libCoreVMClient.dylib
0x00007fff6a78d000 	/usr/lib/libncurses.5.4.dylib
0x00007fff300e1000 	/System/Library/Frameworks/ApplicationServices.framework/Versions/A/Frameworks/ATS.framework/Versions/A/ATS
0x00007fff302ae000 	/System/Library/Frameworks/ApplicationServices.framework/Versions/A/Frameworks/ColorSyncLegacy.framework/Versions/A/ColorSyncLegacy
0x00007fff3034c000 	/System/Library/Frameworks/ApplicationServices.framework/Versions/A/Frameworks/HIServices.framework/Versions/A/HIServices
0x00007fff303a4000 	/System/Library/Frameworks/ApplicationServices.framework/Versions/A/Frameworks/LangAnalysis.framework/Versions/A/LangAnalysis
0x00007fff303b3000 	/System/Library/Frameworks/ApplicationServices.framework/Versions/A/Frameworks/PrintCore.framework/Versions/A/PrintCore
0x00007fff303f9000 	/System/Library/Frameworks/ApplicationServices.framework/Versions/A/Frameworks/QD.framework/Versions/A/QD
0x00007fff30404000 	/System/Library/Frameworks/ApplicationServices.framework/Versions/A/Frameworks/SpeechSynthesis.framework/Versions/A/SpeechSynthesis
0x00007fff3027e000 	/System/Library/Frameworks/ApplicationServices.framework/Versions/A/Frameworks/ATSUI.framework/Versions/A/ATSUI
0x00007fff69bd1000 	/usr/lib/libcups.2.dylib
0x00007fff369cb000 	/System/Library/Frameworks/Kerberos.framework/Versions/A/Kerberos
0x00007fff34b0c000 	/System/Library/Frameworks/GSS.framework/Versions/A/GSS
0x00007fff6af10000 	/usr/lib/libresolv.9.dylib
0x00007fff549b7000 	/System/Library/PrivateFrameworks/Heimdal.framework/Versions/A/Heimdal
0x00007fff369de000 	/System/Library/Frameworks/Kerberos.framework/Versions/A/Libraries/libHeimdalProxy.dylib
0x00007fff69d78000 	/usr/lib/libheimdal-asn1.dylib
0x00007fff48cc0000 	/System/Library/PrivateFrameworks/CommonAuth.framework/Versions/A/CommonAuth
0x00007fff45f0d000 	/System/Library/PrivateFrameworks/AssertionServices.framework/Versions/A/AssertionServices
0x00007fff46ab0000 	/System/Library/PrivateFrameworks/AudioToolboxCore.framework/Versions/A/AudioToolboxCore
0x00007fff65b96000 	/System/Library/PrivateFrameworks/caulk.framework/Versions/A/caulk
0x00007fff4707a000 	/System/Library/PrivateFrameworks/BaseBoard.framework/Versions/A/BaseBoard
0x00007fff5e1ba000 	/System/Library/PrivateFrameworks/RunningBoardServices.framework/Versions/A/RunningBoardServices
0x00007fff5b1cb000 	/System/Library/PrivateFrameworks/PersistentConnection.framework/Versions/A/PersistentConnection
0x00007fff5dbb3000 	/System/Library/PrivateFrameworks/ProtocolBuffer.framework/Versions/A/ProtocolBuffer
0x00007fff48ce4000 	/System/Library/PrivateFrameworks/CommonUtilities.framework/Versions/A/CommonUtilities
0x00007fff47208000 	/System/Library/PrivateFrameworks/Bom.framework/Versions/A/Bom
0x00007fff689cc000 	/usr/lib/libAudioToolboxUtility.dylib
0x00007fff46fd8000 	/System/Library/PrivateFrameworks/Backup.framework/Versions/A/Backup
0x00007fff4bdb7000 	/System/Library/PrivateFrameworks/CrashReporterSupport.framework/Versions/A/CrashReporterSupport
0x00007fff5fc4c000 	/System/Library/PrivateFrameworks/Sharing.framework/Versions/A/Sharing
0x00007fff4551b000 	/System/Library/PrivateFrameworks/Apple80211.framework/Versions/A/Apple80211
0x00007fff46cf5000 	/System/Library/PrivateFrameworks/AuthKit.framework/Versions/A/AuthKit
0x00007fff4bac4000 	/System/Library/PrivateFrameworks/CoreUtils.framework/Versions/A/CoreUtils
0x00007fff34075000 	/System/Library/Frameworks/CoreWLAN.framework/Versions/A/CoreWLAN
0x00007fff34c99000 	/System/Library/Frameworks/IOBluetooth.framework/Versions/A/IOBluetooth
0x00007fff58d84000 	/System/Library/PrivateFrameworks/MobileKeyBag.framework/Versions/A/MobileKeyBag
0x00007fff4a8c9000 	/System/Library/PrivateFrameworks/CorePhoneNumbers.framework/Versions/A/CorePhoneNumbers
0x00007fff4590b000 	/System/Library/PrivateFrameworks/AppleIDAuthSupport.framework/Versions/A/AppleIDAuthSupport
0x00007fff389e9000 	/System/Library/Frameworks/Network.framework/Versions/A/Network
0x00007fff57452000 	/System/Library/PrivateFrameworks/KeychainCircle.framework/Versions/A/KeychainCircle
0x00007fff31ac5000 	/System/Library/Frameworks/CoreBluetooth.framework/Versions/A/CoreBluetooth
0x00007fff61ccb000 	/System/Library/PrivateFrameworks/SpeechRecognitionCore.framework/Versions/A/SpeechRecognitionCore
0x000000010fa00000 	/Users/cthulhu/miniconda3/envs/qiime2-dev/lib/server/libjvm.dylib
0x000000010f0e5000 	/Users/cthulhu/miniconda3/envs/qiime2-dev/lib/libverify.dylib
0x000000010f0f6000 	/Users/cthulhu/miniconda3/envs/qiime2-dev/lib/libjava.dylib
0x000000010f122000 	/Users/cthulhu/miniconda3/envs/qiime2-dev/lib/libjimage.dylib
0x000000010f178000 	/Users/cthulhu/miniconda3/envs/qiime2-dev/lib/libzip.dylib


VM Arguments:
java_command: getsp -test
java_class_path (initial): /Users/cthulhu/miniconda3/envs/qiime2-dev/lib/R/share/java
Launcher Type: SUN_STANDARD

[Global flags]
     uint G1ConcRefinementThreads                  = 4                                         {product} {ergonomic}
    uintx GCDrainStackTargetSize                   = 64                                        {product} {ergonomic}
   size_t InitialHeapSize                          = 134217728                                 {product} {ergonomic}
   size_t MaxHeapSize                              = 2147483648                                {product} {ergonomic}
    uintx ReservedCodeCacheSize                    = 251658240                              {pd product} {ergonomic}
     bool SegmentedCodeCache                       = true                                      {product} {ergonomic}
     bool UseCompressedClassPointers               = true                                 {lp64_product} {ergonomic}
     bool UseCompressedOops                        = true                                 {lp64_product} {ergonomic}
     bool UseG1GC                                  = true                                      {product} {ergonomic}

Logging:
Log output configuration:
 #0: stdout all=warning uptime,level,tags
 #1: stderr all=off uptime,level,tags

Environment Variables:
PATH=/usr/local/sbin:/usr/local/opt/ruby/bin:/Users/cthulhu/miniconda3/envs/qiime2-dev/bin:/usr/local/sbin:/usr/local/opt/ruby/bin:/usr/local/sbin:/Users/cthulhu/miniconda3/condabin:/usr/local/opt/ruby/bin:/Library/Frameworks/Python.framework/Versions/3.9/bin:/usr/local/bin:/usr/bin:/bin:/usr/sbin:/sbin:/Applications/Forest SDK/bin:/Library/TeX/texbin:/usr/local/MacGPG2/bin:/opt/X11/bin:/Applications/Wireshark.app/Contents/MacOS:/Users/cthulhu/.cargo/bin
SHELL=/bin/zsh
DISPLAY=/private/tmp/com.apple.launchd.EVRNaqSNdC/org.xquartz:0
LANG=en_US.UTF-8

Signal Handlers:
SIGSEGV: [libjvm.dylib+0x7c3918], sa_mask[0]=11111111011111110111111111111111, sa_flags=SA_ONSTACK|SA_RESTART|SA_SIGINFO
SIGBUS: [libjvm.dylib+0x7c3918], sa_mask[0]=11111111011111110111111111111111, sa_flags=SA_RESTART|SA_SIGINFO
SIGFPE: [libjvm.dylib+0x7c3918], sa_mask[0]=11111111011111110111111111111111, sa_flags=SA_RESTART|SA_SIGINFO
SIGPIPE: [libjvm.dylib+0x627014], sa_mask[0]=11111111011111110111111111111111, sa_flags=SA_RESTART|SA_SIGINFO
SIGXFSZ: [libjvm.dylib+0x627014], sa_mask[0]=11111111011111110111111111111111, sa_flags=SA_RESTART|SA_SIGINFO
SIGILL: [libjvm.dylib+0x7c3918], sa_mask[0]=11111111011111110111111111111111, sa_flags=SA_RESTART|SA_SIGINFO
SIGUSR2: [libjvm.dylib+0x6275f9], sa_mask[0]=00000000000000000000000000000000, sa_flags=SA_RESTART|SA_SIGINFO
SIGHUP: SIG_DFL, sa_mask[0]=00000000000000000000000000000000, sa_flags=none
SIGINT: SIG_DFL, sa_mask[0]=00000000000000000000000000000000, sa_flags=none
SIGTERM: SIG_DFL, sa_mask[0]=00000000000000000000000000000000, sa_flags=SA_RESTART
SIGQUIT: SIG_DFL, sa_mask[0]=00000000000000000000000000000000, sa_flags=none


---------------  S Y S T E M  ---------------

OS:uname:Darwin 19.6.0 Darwin Kernel Version 19.6.0: Thu May  6 00:48:39 PDT 2021; root:xnu-6153.141.33~1/RELEASE_X86_64 x86_64
OS uptime: 22 days 13:33 hours
rlimit (soft/hard): STACK 8192k/65532k , CORE 0k/infinity , NPROC 1392/2088 , NOFILE 10240/infinity , AS infinity/infinity , CPU infinity/infinity , DATA infinity/infinity , FSIZE infinity/infinity , MEMLOCK infinity/infinity , RSS infinity/infinity
load average:16.89 13.57 9.37

CPU:total 4 (initial active 4) 

Memory: 4k page, physical 8388608k(598332k free), swap 4194304k(1305088k free)

vm_info: OpenJDK 64-Bit Server VM (11.0.9.1+1-LTS) for bsd-amd64 JRE (Zulu11.43+55-CA) (11.0.9.1+1-LTS), built on Nov  5 2020 09:10:27 by "zulu_re" with gcc 4.2.1 Compatible Apple LLVM 9.1.0 (clang-902.0.39.2)

END.
